Added Member To Class: ClassName=Bomp-countdown Member=Component Bat-holder1 796136-1
Added Member To Class: ClassName=Bomp-countdown Member=Component BZZ? Buzzer
Added Member To Class: ClassName=Bomp-countdown Member=Component C1 0.1uF
Added Member To Class: ClassName=Bomp-countdown Member=Component C2 22pF
Added Member To Class: ClassName=Bomp-countdown Member=Component C3 22pF
Added Member To Class: ClassName=Bomp-countdown Member=Component C4 0.1uF
Added Member To Class: ClassName=Bomp-countdown Member=Component C5 0.1uF
Added Member To Class: ClassName=Bomp-countdown Member=Component C6_Alu 100uF
Added Member To Class: ClassName=Bomp-countdown Member=Component Conn1 Micro-USB
Added Member To Class: ClassName=Bomp-countdown Member=Component Crys_1 16MHz
Added Member To Class: ClassName=Bomp-countdown Member=Component Crys 32.768Khz
Added Member To Class: ClassName=Bomp-countdown Member=Component D1 Above
Added Member To Class: ClassName=Bomp-countdown Member=Component D2 Below
Added Member To Class: ClassName=Bomp-countdown Member=Component ISet1 50K
Added Member To Class: ClassName=Bomp-countdown Member=Component Q1 SA1015
Added Member To Class: ClassName=Bomp-countdown Member=Component R1 4k7
Added Member To Class: ClassName=Bomp-countdown Member=Component R2 4k7
Added Member To Class: ClassName=Bomp-countdown Member=Component R3 1k
Added Member To Class: ClassName=Bomp-countdown Member=Component R4 1k
Added Member To Class: ClassName=Bomp-countdown Member=Component R5 1k
Added Member To Class: ClassName=Bomp-countdown Member=Component R6 1k
Added Member To Class: ClassName=Bomp-countdown Member=Component R6 1k
Added Member To Class: ClassName=Bomp-countdown Member=Component Sw1 Mode
Added Member To Class: ClassName=Bomp-countdown Member=Component Sw2 Adjust
Added Member To Class: ClassName=Bomp-countdown Member=Component Sw3 Increase
Added Member To Class: ClassName=Bomp-countdown Member=Component Sw4 Reset
Added Member To Class: ClassName=Bomp-countdown Member=Component U1 AMS1117
Added Member To Class: ClassName=Bomp-countdown Member=Component U2 ATmega32A-AU
Added Member To Class: ClassName=Bomp-countdown Member=Component U4 MAX7219ENG
Added Room: Name=Bomp-countdown
